<?xml version="1.0" encoding="UTF-8"?>
<!-- Generated by org.testng.reporters.JUnitReportReporter -->
<testsuite hostname="DESKTOP-OK7CA2M" failures="0" tests="6" name="com.Varden.testcases.MylistTest" time="12.989" errors="0" timestamp="2021-11-01T02:37:48 CET" skipped="0">
  <testcase classname="com.Varden.testcases.MylistTest" name="myList" time="5.754"/>
  <system-out/>
  <testcase classname="com.Varden.testcases.MylistTest" name="createNewList" time="4.463"/>
  <system-out/>
  <testcase classname="com.Varden.testcases.MylistTest" name="changeNameOfList" time="0.088"/>
  <system-out/>
  <testcase classname="com.Varden.testcases.MylistTest" name="changeColorOfUnit" time="0.542"/>
  <system-out/>
  <testcase classname="com.Varden.testcases.MylistTest" name="removeList" time="1.971"/>
  <system-out/>
  <testcase classname="com.Varden.testcases.MylistTest" name="noDispalyForInvalidSearch" time="0.171"/>
  <system-out/>
</testsuite> <!-- com.Varden.testcases.MylistTest -->
