<?xml version="1.0" encoding="UTF-8"?>
<!-- Generated by org.testng.reporters.JUnitReportReporter -->
<testsuite hostname="DESKTOP-OK7CA2M" failures="0" tests="6" name="com.Varden.testcases.MylistTest" time="12.643" errors="0" timestamp="2021-10-31T21:26:04 CET" skipped="0">
  <testcase classname="com.Varden.testcases.MylistTest" name="myList" time="5.448"/>
  <system-out/>
  <testcase classname="com.Varden.testcases.MylistTest" name="createNewList" time="4.407"/>
  <system-out/>
  <testcase classname="com.Varden.testcases.MylistTest" name="changeNameOfList" time="0.084"/>
  <system-out/>
  <testcase classname="com.Varden.testcases.MylistTest" name="changeColorOfUnit" time="0.562"/>
  <system-out/>
  <testcase classname="com.Varden.testcases.MylistTest" name="removeList" time="2.111"/>
  <system-out/>
  <testcase classname="com.Varden.testcases.MylistTest" name="name" time="0.031"/>
  <system-out/>
</testsuite> <!-- com.Varden.testcases.MylistTest -->
