<?xml version="1.0" encoding="UTF-8"?>
<!-- Generated by org.testng.reporters.JUnitReportReporter -->
<testsuite hostname="DESKTOP-OK7CA2M" failures="0" tests="6" name="com.Varden.testcases.MylistTest" time="12.341" errors="0" timestamp="2021-10-31T22:55:04 CET" skipped="0">
  <testcase classname="com.Varden.testcases.MylistTest" name="myList" time="5.379"/>
  <system-out/>
  <testcase classname="com.Varden.testcases.MylistTest" name="createNewList" time="4.254"/>
  <system-out/>
  <testcase classname="com.Varden.testcases.MylistTest" name="changeNameOfList" time="0.089"/>
  <system-out/>
  <testcase classname="com.Varden.testcases.MylistTest" name="changeColorOfUnit" time="0.550"/>
  <system-out/>
  <testcase classname="com.Varden.testcases.MylistTest" name="removeList" time="2.029"/>
  <system-out/>
  <testcase classname="com.Varden.testcases.MylistTest" name="name" time="0.040"/>
  <system-out/>
</testsuite> <!-- com.Varden.testcases.MylistTest -->
